[I 2025-02-25 15:28:41.125 ServerApp] Extension package jupyter_lsp took 0.1610s to import
[I 2025-02-25 15:28:45.633 ServerApp] jupyter_lsp | extension was successfully linked.
[I 2025-02-25 15:28:45.640 ServerApp] jupyter_server_terminals | extension was successfully linked.
[I 2025-02-25 15:28:45.648 ServerApp] jupyterlab | extension was successfully linked.
[I 2025-02-25 15:28:45.655 ServerApp] notebook | extension was successfully linked.
[I 2025-02-25 15:28:48.414 ServerApp] notebook_shim | extension was successfully linked.
[I 2025-02-25 15:28:48.806 ServerApp] notebook_shim | extension was successfully loaded.
[I 2025-02-25 15:28:48.809 ServerApp] jupyter_lsp | extension was successfully loaded.
[I 2025-02-25 15:28:48.814 ServerApp] jupyter_server_terminals | extension was successfully loaded.
[I 2025-02-25 15:28:49.222 LabApp] JupyterLab extension loaded from /home/rana.elsadig/software/miniforge3/envs/pytorch/lib/python3.12/site-packages/jupyterlab
[I 2025-02-25 15:28:49.222 LabApp] JupyterLab application directory is /home/rana.elsadig/software/miniforge3/envs/pytorch/share/jupyter/lab
[I 2025-02-25 15:28:49.224 LabApp] Extension Manager is 'pypi'.
[I 2025-02-25 15:28:49.791 ServerApp] jupyterlab | extension was successfully loaded.
[I 2025-02-25 15:28:49.805 ServerApp] notebook | extension was successfully loaded.
[I 2025-02-25 15:28:49.805 ServerApp] Serving notebooks from local directory: /home/rana.elsadig/enel645-a2
[I 2025-02-25 15:28:49.805 ServerApp] Jupyter Server 2.15.0 is running at:
[I 2025-02-25 15:28:49.805 ServerApp] http://t1:8888/tree?token=dd5c3a782044150b81e8309855cab35dc858127f972b7d88
[I 2025-02-25 15:28:49.805 ServerApp]     http://127.0.0.1:8888/tree?token=dd5c3a782044150b81e8309855cab35dc858127f972b7d88
[I 2025-02-25 15:28:49.806 ServerApp] Use Control-C to stop this server and shut down all kernels (twice to skip confirmation).
[C 2025-02-25 15:28:49.824 ServerApp] 
    
    To access the server, open this file in a browser:
        file:///home/rana.elsadig/.local/share/jupyter/runtime/jpserver-3746214-open.html
    Or copy and paste one of these URLs:
        http://t1:8888/tree?token=dd5c3a782044150b81e8309855cab35dc858127f972b7d88
        http://127.0.0.1:8888/tree?token=dd5c3a782044150b81e8309855cab35dc858127f972b7d88
[I 2025-02-25 15:28:49.927 ServerApp] Skipped non-installed server(s): bash-language-server, dockerfile-language-server-nodejs, javascript-typescript-langserver, jedi-language-server, julia-language-server, pyright, python-language-server, python-lsp-server, r-languageserver, sql-language-server, texlab, typescript-language-server, unified-language-server, vscode-css-languageserver-bin, vscode-html-languageserver-bin, vscode-json-languageserver-bin, yaml-language-server
[I 2025-02-25 15:30:51.259 ServerApp] Kernel started: bda72601-b418-4c7a-9283-de12802f1ad9
[I 2025-02-25 15:30:54.472 ServerApp] Connecting to kernel bda72601-b418-4c7a-9283-de12802f1ad9.
[I 2025-02-25 15:30:54.474 ServerApp] Connecting to kernel bda72601-b418-4c7a-9283-de12802f1ad9.
[I 2025-02-25 15:30:54.476 ServerApp] Connecting to kernel bda72601-b418-4c7a-9283-de12802f1ad9.
[I 2025-02-25 15:30:54.478 ServerApp] Connecting to kernel bda72601-b418-4c7a-9283-de12802f1ad9.
[I 2025-02-25 15:32:51.127 ServerApp] Saving file at /GarbageClassifier_Predictions.ipynb
[I 2025-02-25 15:34:51.279 ServerApp] Saving file at /GarbageClassifier_Predictions.ipynb
[I 2025-02-25 15:40:51.498 ServerApp] Saving file at /GarbageClassifier_Predictions.ipynb
[I 2025-02-25 15:48:51.902 ServerApp] Saving file at /GarbageClassifier_Predictions.ipynb
[I 2025-02-25 15:50:52.000 ServerApp] Saving file at /GarbageClassifier_Predictions.ipynb
[I 2025-02-25 15:52:52.203 ServerApp] Saving file at /GarbageClassifier_Predictions.ipynb
[I 2025-02-25 15:54:52.476 ServerApp] Saving file at /GarbageClassifier_Predictions.ipynb
[I 2025-02-25 16:34:37.586 ServerApp] Starting buffering for bda72601-b418-4c7a-9283-de12802f1ad9:5e324f69-a7a4-4b60-9c4c-9b72fec07d05
slurmstepd: error: *** JOB 34462 ON t1 CANCELLED AT 2025-02-25T16:34:55 ***
